#
# There is insufficient memory for the Java Runtime Environment to continue.
# Native memory allocation (malloc) failed to allocate 1218352 bytes for Chunk::new
# Possible reasons:
#   The system is out of physical RAM or swap space
#   The process is running with CompressedOops enabled, and the Java Heap may be blocking the growth of the native heap
# Possible solutions:
#   Reduce memory load on the system
#   Increase physical memory or swap space
#   Check if swap backing store is full
#   Decrease Java heap size (-Xmx/-Xms)
#   Decrease number of Java threads
#   Decrease Java thread stack sizes (-Xss)
#   Set larger code cache with -XX:ReservedCodeCacheSize=
#   JVM is running with Unscaled Compressed Oops mode in which the Java heap is
#     placed in the first 4GB address space. The Java Heap base address is the
#     maximum limit for the native heap growth. Please use -XX:HeapBaseMinAddress
#     to set the Java Heap base and to place the Java Heap above 4GB virtual address.
# This output file may be truncated or incomplete.
#
#  Out of Memory Error (allocation.cpp:389), pid=32876, tid=0x000000000000c068
#
# JRE version: OpenJDK Runtime Environment (8.0_242-b01) (build 1.8.0_242-release-1644-b01)
# Java VM: OpenJDK 64-Bit Server VM (25.242-b01 mixed mode windows-amd64 compressed oops)
# Failed to write core dump. Minidumps are not enabled by default on client versions of Windows
#

---------------  T H R E A D  ---------------

Current thread (0x00000000178bd000):  JavaThread "C2 CompilerThread1" daemon [_thread_in_native, id=49256, stack(0x0000000019f90000,0x000000001a090000)]

Stack: [0x0000000019f90000,0x000000001a090000]
[error occurred during error reporting (printing stack bounds), id 0xc0000005]

Native frames: (J=compiled Java code, j=interpreted, Vv=VM code, C=native code)


Current CompileTask:
C2:18975736 26336       4       com.android.tools.r8.ir.optimize.l::o (704 bytes)


---------------  P R O C E S S  ---------------

Java Threads: ( => current thread )
  0x000000001f0c2800 JavaThread "ForkJoinPool-5-worker-0" daemon [_thread_in_Java, id=35980, stack(0x0000000022fb0000,0x00000000230b0000)]
  0x000000001f0c1000 JavaThread "ForkJoinPool-5-worker-7" daemon [_thread_blocked, id=53456, stack(0x0000000022eb0000,0x0000000022fb0000)]
  0x000000001f0c7000 JavaThread "ForkJoinPool-5-worker-6" daemon [_thread_blocked, id=25972, stack(0x0000000022db0000,0x0000000022eb0000)]
  0x000000001f0c5800 JavaThread "ForkJoinPool-5-worker-5" daemon [_thread_blocked, id=45208, stack(0x0000000022cb0000,0x0000000022db0000)]
  0x000000001f0c6800 JavaThread "ForkJoinPool-5-worker-4" daemon [_thread_blocked, id=21588, stack(0x0000000022bb0000,0x0000000022cb0000)]
  0x000000001f0c2000 JavaThread "ForkJoinPool-5-worker-3" daemon [_thread_blocked, id=13332, stack(0x0000000022ab0000,0x0000000022bb0000)]
  0x000000001f0b9800 JavaThread "ForkJoinPool-5-worker-2" daemon [_thread_blocked, id=52476, stack(0x00000000229b0000,0x0000000022ab0000)]
  0x000000001f0c0800 JavaThread "ForkJoinPool-5-worker-1" daemon [_thread_blocked, id=32892, stack(0x000000001f880000,0x000000001f980000)]
  0x00000000216ec000 JavaThread "stdout" [_thread_in_native, id=53380, stack(0x0000000036d40000,0x0000000036e40000)]
  0x00000000216e9800 JavaThread "stderr" [_thread_in_native, id=42468, stack(0x0000000036c40000,0x0000000036d40000)]
  0x00000000216ee800 JavaThread "stdout" [_thread_in_native, id=7040, stack(0x0000000036b40000,0x0000000036c40000)]
  0x00000000216e8000 JavaThread "stderr" [_thread_in_native, id=10636, stack(0x0000000036a40000,0x0000000036b40000)]
  0x00000000216eb800 JavaThread "stdout" [_thread_in_native, id=22848, stack(0x0000000036940000,0x0000000036a40000)]
  0x00000000216e0000 JavaThread "stderr" [_thread_in_native, id=31872, stack(0x0000000036840000,0x0000000036940000)]
  0x00000000216e6800 JavaThread "stdout" [_thread_in_native, id=51732, stack(0x0000000036740000,0x0000000036840000)]
  0x00000000216e6000 JavaThread "stderr" [_thread_in_native, id=50780, stack(0x0000000036640000,0x0000000036740000)]
  0x00000000216e3800 JavaThread "stdout" [_thread_in_native, id=53600, stack(0x0000000036540000,0x0000000036640000)]
  0x00000000216e5000 JavaThread "stderr" [_thread_in_native, id=41424, stack(0x0000000036440000,0x0000000036540000)]
  0x00000000216e3000 JavaThread "stdout" [_thread_in_native, id=30196, stack(0x0000000036340000,0x0000000036440000)]
  0x00000000216e0800 JavaThread "stderr" [_thread_in_native, id=54260, stack(0x0000000036240000,0x0000000036340000)]
  0x00000000216e4800 JavaThread "stdout" [_thread_in_native, id=32484, stack(0x0000000036140000,0x0000000036240000)]
  0x00000000216e2000 JavaThread "stderr" [_thread_in_native, id=48612, stack(0x0000000036040000,0x0000000036140000)]
  0x00000000216e1800 JavaThread "stdout" [_thread_in_native, id=52964, stack(0x0000000035f40000,0x0000000036040000)]
  0x000000002d16a800 JavaThread "stderr" [_thread_in_native, id=26468, stack(0x0000000035e40000,0x0000000035f40000)]
  0x000000002d169000 JavaThread "pool-8-thread-1" [_thread_blocked, id=14160, stack(0x00000000356e0000,0x00000000357e0000)]
  0x000000002d167800 JavaThread "WorkerExecutor Queue Thread 8" [_thread_blocked, id=33512, stack(0x0000000035d40000,0x0000000035e40000)]
  0x000000002d167000 JavaThread "WorkerExecutor Queue Thread 7" [_thread_blocked, id=50220, stack(0x0000000035c40000,0x0000000035d40000)]
  0x000000002d16b800 JavaThread "WorkerExecutor Queue Thread 6" [_thread_blocked, id=31816, stack(0x0000000035b40000,0x0000000035c40000)]
  0x000000002d168800 JavaThread "WorkerExecutor Queue Thread 5" [_thread_blocked, id=16804, stack(0x0000000035a40000,0x0000000035b40000)]
  0x000000002d16a000 JavaThread "WorkerExecutor Queue Thread 4" [_thread_blocked, id=21908, stack(0x0000000035940000,0x0000000035a40000)]
  0x000000002d166000 JavaThread "WorkerExecutor Queue Thread 3" [_thread_blocked, id=13472, stack(0x0000000035840000,0x0000000035940000)]
  0x000000002d165800 JavaThread "WorkerExecutor Queue Thread 2" [_thread_blocked, id=31020, stack(0x00000000355e0000,0x00000000356e0000)]
  0x000000002d164800 JavaThread "WorkerExecutor Queue" [_thread_blocked, id=47948, stack(0x00000000341d0000,0x00000000342d0000)]
  0x000000002d162800 JavaThread "Cache worker for execution history cache (C:\Users\user\AndroidStudioProjects\demo\.gradle\6.5\executionHistory)" [_thread_blocked, id=49936, stack(0x00000000340d0000,0x00000000341d0000)]
  0x000000002d160000 JavaThread "Execution worker for ':' Thread 7" [_thread_blocked, id=11744, stack(0x0000000033fd0000,0x00000000340d0000)]
  0x000000002d15d000 JavaThread "Execution worker for ':' Thread 6" [_thread_blocked, id=42936, stack(0x0000000033ed0000,0x0000000033fd0000)]
  0x000000002d161800 JavaThread "Execution worker for ':' Thread 5" [_thread_blocked, id=36196, stack(0x0000000032df0000,0x0000000032ef0000)]
  0x000000002d15f800 JavaThread "Execution worker for ':' Thread 4" [_thread_blocked, id=43952, stack(0x0000000032cf0000,0x0000000032df0000)]
  0x000000002d15c800 JavaThread "Execution worker for ':' Thread 3" [_thread_blocked, id=32936, stack(0x0000000032bf0000,0x0000000032cf0000)]
  0x000000002d163000 JavaThread "Execution worker for ':' Thread 2" [_thread_blocked, id=54480, stack(0x0000000032af0000,0x0000000032bf0000)]
  0x000000002d161000 JavaThread "Execution worker for ':'" [_thread_blocked, id=53696, stack(0x00000000329f0000,0x0000000032af0000)]
  0x000000002d15e800 JavaThread "Cache worker for file content cache (C:\Users\user\AndroidStudioProjects\demo\.gradle\6.5\fileContent)" [_thread_blocked, id=47764, stack(0x00000000320b0000,0x00000000321b0000)]
  0x000000002e20d800 JavaThread "Cache worker for Build Output Cleanup Cache (C:\Users\user\AndroidStudioProjects\demo\.gradle\buildOutputCleanup)" [_thread_blocked, id=50052, stack(0x0000000031fb0000,0x00000000320b0000)]
  0x000000002f01b800 JavaThread "Build operations Thread 8" [_thread_blocked, id=50356, stack(0x00000000228b0000,0x00000000229b0000)]
  0x000000002f01a000 JavaThread "Build operations Thread 7" [_thread_blocked, id=44276, stack(0x00000000227b0000,0x00000000228b0000)]
  0x000000002f012800 JavaThread "Build operations Thread 6" [_thread_blocked, id=49824, stack(0x00000000226b0000,0x00000000227b0000)]
  0x000000002f019800 JavaThread "Build operations Thread 5" [_thread_blocked, id=49024, stack(0x00000000225b0000,0x00000000226b0000)]
  0x000000002f012000 JavaThread "Build operations Thread 4" [_thread_blocked, id=40096, stack(0x00000000224b0000,0x00000000225b0000)]
  0x000000002f018000 JavaThread "Build operations Thread 3" [_thread_blocked, id=51196, stack(0x00000000223b0000,0x00000000224b0000)]
  0x000000002f015800 JavaThread "Build operations Thread 2" [_thread_blocked, id=43456, stack(0x00000000222b0000,0x00000000223b0000)]
  0x000000002f015000 JavaThread "Build operations" [_thread_blocked, id=48496, stack(0x00000000221b0000,0x00000000222b0000)]
  0x000000002f018800 JavaThread "Cache worker for cache directory md-rule (C:\Users\user\.gradle\caches\6.5\md-rule)" [_thread_blocked, id=16472, stack(0x00000000220b0000,0x00000000221b0000)]
  0x000000002f013800 JavaThread "Cache worker for cache directory md-supplier (C:\Users\user\.gradle\caches\6.5\md-supplier)" [_thread_blocked, id=43076, stack(0x0000000021fb0000,0x00000000220b0000)]
  0x000000002f014000 JavaThread "Cache worker for checksums cache (C:\Users\user\AndroidStudioProjects\demo\.gradle\checksums)" [_thread_blocked, id=46736, stack(0x0000000020c00000,0x0000000020d00000)]
  0x000000002f011000 JavaThread "Cache worker for file hash cache (C:\Users\user\AndroidStudioProjects\demo\.gradle\6.5\fileHashes)" [_thread_blocked, id=54204, stack(0x000000001fa80000,0x000000001fb80000)]
  0x000000002f016800 JavaThread "Thread-376" [_thread_blocked, id=54032, stack(0x000000001f980000,0x000000001fa80000)]
  0x000000002f00d800 JavaThread "Asynchronous log dispatcher for DefaultDaemonConnection: socket connection from /127.0.0.1:58939 to /127.0.0.1:56325" [_thread_blocked, id=16668, stack(0x000000001dbb0000,0x000000001dcb0000)]
  0x000000002f00e000 JavaThread "Daemon worker Thread 4" [_thread_blocked, id=51152, stack(0x000000001d8b0000,0x000000001d9b0000)]
  0x000000002f010800 JavaThread "Cancel handler" [_thread_blocked, id=49240, stack(0x000000001d7b0000,0x000000001d8b0000)]
  0x000000002f00f800 JavaThread "Handler for socket connection from /127.0.0.1:58939 to /127.0.0.1:56325" [_thread_in_native, id=54000, stack(0x000000001d370000,0x000000001d470000)]
  0x000000002f00f000 JavaThread "Daemon Thread 4" [_thread_blocked, id=34972, stack(0x000000001d270000,0x000000001d370000)]
  0x000000001b48e800 JavaThread "Memory manager" [_thread_blocked, id=48936, stack(0x000000002c580000,0x000000002c680000)]
  0x000000001ffeb800 JavaThread "Cache worker for file content cache (C:\Users\user\.gradle\caches\6.5\fileContent)" [_thread_blocked, id=49116, stack(0x00000000241b0000,0x00000000242b0000)]
  0x000000001ffee800 JavaThread "Cache worker for execution history cache (C:\Users\user\.gradle\caches\6.5\executionHistory)" [_thread_blocked, id=51528, stack(0x0000000023cb0000,0x0000000023db0000)]
  0x000000001c3b7000 JavaThread "Cache worker for file hash cache (C:\Users\user\.gradle\caches\6.5\fileHashes)" [_thread_blocked, id=47828, stack(0x000000001e5b0000,0x000000001e6b0000)]
  0x000000001c3b6800 JavaThread "File lock request listener" [_thread_in_native, id=54996, stack(0x000000001e4b0000,0x000000001e5b0000)]
  0x000000001c211000 JavaThread "Cache worker for journal cache (C:\Users\user\.gradle\caches\journal-1)" [_thread_blocked, id=25596, stack(0x000000001e3b0000,0x000000001e4b0000)]
  0x000000001c100800 JavaThread "Daemon periodic checks" [_thread_blocked, id=51564, stack(0x000000001d6b0000,0x000000001d7b0000)]
  0x000000001c0f1800 JavaThread "Incoming local TCP Connector on port 58939" [_thread_in_native, id=11512, stack(0x000000001d470000,0x000000001d570000)]
  0x000000001c02f000 JavaThread "Daemon health stats" [_thread_blocked, id=55284, stack(0x000000001ce30000,0x000000001cf30000)]
  0x0000000019747800 JavaThread "Service Thread" daemon [_thread_blocked, id=51520, stack(0x000000001a290000,0x000000001a390000)]
  0x00000000196bc000 JavaThread "C1 CompilerThread3" daemon [_thread_blocked, id=50068, stack(0x000000001a190000,0x000000001a290000)]
  0x00000000196b9000 JavaThread "C2 CompilerThread2" daemon [_thread_in_native, id=40320, stack(0x000000001a090000,0x000000001a190000)]
=>0x00000000178bd000 JavaThread "C2 CompilerThread1" daemon [_thread_in_native, id=49256, stack(0x0000000019f90000,0x000000001a090000)]
  0x00000000196b5800 JavaThread "C2 CompilerThread0" daemon [_thread_in_native, id=54928, stack(0x0000000019e90000,0x0000000019f90000)]
  0x00000000196b4000 JavaThread "Attach Listener" daemon [_thread_blocked, id=51704, stack(0x0000000019d90000,0x0000000019e90000)]
  0x00000000196b3000 JavaThread "Signal Dispatcher" daemon [_thread_blocked, id=19716, stack(0x0000000019c90000,0x0000000019d90000)]
  0x00000000027fd800 JavaThread "Finalizer" daemon [_thread_blocked, id=53568, stack(0x0000000019b80000,0x0000000019c80000)]
  0x00000000196a0800 JavaThread "Reference Handler" daemon [_thread_blocked, id=50676, stack(0x0000000019a80000,0x0000000019b80000)]
  0x00000000025fe000 JavaThread "main" [_thread_blocked, id=21576, stack(0x0000000002600000,0x0000000002700000)]

Other Threads:
  0x00000000178a8000 VMThread [stack: 0x0000000019580000,0x0000000019680000] [id=25760]
  0x0000000019748800 WatcherThread [stack: 0x000000001a390000,0x000000001a490000] [id=34764]

VM state:not at safepoint (normal execution)

VM Mutex/Monitor currently owned by a thread: None

heap address: 0x0000000080000000, size: 2048 MB, Compressed Oops mode: 32-bit
Narrow klass base: 0x0000000000000000, Narrow klass shift: 3
Compressed class space size: 1073741824 Address: 0x0000000100000000

Heap:
 PSYoungGen      total 611840K, used 69915K [0x00000000d5580000, 0x0000000100000000, 0x0000000100000000)
  eden space 540160K, 2% used [0x00000000d5580000,0x00000000d630abb8,0x00000000f6500000)
  from space 71680K, 78% used [0x00000000fb700000,0x00000000fedbc2d8,0x00000000ffd00000)
  to   space 79360K, 0% used [0x00000000f6500000,0x00000000f6500000,0x00000000fb280000)
 ParOldGen       total 253440K, used 89833K [0x0000000080000000, 0x000000008f780000, 0x00000000d5580000)
  object space 253440K, 35% used [0x0000000080000000,0x00000000857ba668,0x000000008f780000)
 Metaspace       used 136117K, capacity 142148K, committed 144460K, reserved 1175552K
  class space    used 17558K, capacity 18786K, committed 19316K, reserved 1048576K

Card table byte_map: [0x0000000011bd0000,0x0000000011fe0000] byte_map_base: 0x00000000117d0000

Marking Bits: (ParMarkBitMap*) 0x0000000063b4f030
 Begin Bits: [0x0000000012a90000, 0x0000000014a90000)
 End Bits:   [0x0000000014a90000, 0x0000000016a90000)

Polling page: 0x0000000002580000

CodeCache: size=245760Kb used=74761Kb max_used=76541Kb free=170998Kb
 bounds [0x0000000002810000, 0x0000000007350000, 0x0000000011810000]
 total_blobs=21314 nmethods=20397 adapters=828
 compilation: enabled

Compilation events (10 events):
Event: 18975.665 Thread 0x00000000196b9000 nmethod 26777 0x00000000043c7a10 code [0x00000000043c7b80, 0x00000000043c7f18]
Event: 18975.665 Thread 0x00000000196b9000 26167       4       com.android.tools.r8.s.b.s::O2 (14 bytes)
Event: 18975.667 Thread 0x00000000196b9000 nmethod 26167 0x00000000059d9490 code [0x00000000059d95e0, 0x00000000059d96f8]
Event: 18975.667 Thread 0x00000000196b9000 26707       4       com.android.tools.r8.code.u1::a (12 bytes)
Event: 18975.668 Thread 0x00000000196b9000 nmethod 26707 0x00000000061a2e90 code [0x00000000061a2fe0, 0x00000000061a3118]
Event: 18975.668 Thread 0x00000000196b9000 26299       4       com.android.tools.r8.graph.I0$b::c (72 bytes)
Event: 18975.678 Thread 0x00000000196b9000 nmethod 26299 0x0000000005ba80d0 code [0x0000000005ba8220, 0x0000000005ba8738]
Event: 18975.678 Thread 0x00000000196b9000 21254       4       com.android.tools.r8.graph.i0::b (150 bytes)
Event: 18975.692 Thread 0x00000000196b9000 nmethod 21254 0x0000000006304590 code [0x00000000063046e0, 0x0000000006304b38]
Event: 18975.692 Thread 0x00000000196b9000 21342       4       com.android.tools.r8.s.b.U0::a (376 bytes)

GC Heap History (10 events):
Event: 18952.791 GC heap before
{Heap before GC invocations=38 (full 5):
 PSYoungGen      total 610816K, used 543581K [0x00000000d5580000, 0x00000000ffa00000, 0x0000000100000000)
  eden space 534016K, 100% used [0x00000000d5580000,0x00000000f5f00000,0x00000000f5f00000)
  from space 76800K, 12% used [0x00000000faf00000,0x00000000fb857690,0x00000000ffa00000)
  to   space 79360K, 0% used [0x00000000f5f00000,0x00000000f5f00000,0x00000000fac80000)
 ParOldGen       total 164352K, used 132685K [0x0000000080000000, 0x000000008a080000, 0x00000000d5580000)
  object space 164352K, 80% used [0x0000000080000000,0x0000000088193410,0x000000008a080000)
 Metaspace       used 135264K, capacity 141066K, committed 143948K, reserved 1173504K
  class space    used 17457K, capacity 18657K, committed 19316K, reserved 1048576K
Event: 18952.940 GC heap after
Heap after GC invocations=38 (full 5):
 PSYoungGen      total 613376K, used 16222K [0x00000000d5580000, 0x00000000ffb80000, 0x0000000100000000)
  eden space 534016K, 0% used [0x00000000d5580000,0x00000000d5580000,0x00000000f5f00000)
  from space 79360K, 20% used [0x00000000f5f00000,0x00000000f6ed7a48,0x00000000fac80000)
  to   space 75776K, 0% used [0x00000000fb180000,0x00000000fb180000,0x00000000ffb80000)
 ParOldGen       total 164352K, used 135552K [0x0000000080000000, 0x000000008a080000, 0x00000000d5580000)
  object space 164352K, 82% used [0x0000000080000000,0x0000000088460350,0x000000008a080000)
 Metaspace       used 135264K, capacity 141066K, committed 143948K, reserved 1173504K
  class space    used 17457K, capacity 18657K, committed 19316K, reserved 1048576K
}
Event: 18955.500 GC heap before
{Heap before GC invocations=39 (full 5):
 PSYoungGen      total 613376K, used 550238K [0x00000000d5580000, 0x00000000ffb80000, 0x0000000100000000)
  eden space 534016K, 100% used [0x00000000d5580000,0x00000000f5f00000,0x00000000f5f00000)
  from space 79360K, 20% used [0x00000000f5f00000,0x00000000f6ed7a48,0x00000000fac80000)
  to   space 75776K, 0% used [0x00000000fb180000,0x00000000fb180000,0x00000000ffb80000)
 ParOldGen       total 164352K, used 135552K [0x0000000080000000, 0x000000008a080000, 0x00000000d5580000)
  object space 164352K, 82% used [0x0000000080000000,0x0000000088460350,0x000000008a080000)
 Metaspace       used 135277K, capacity 141130K, committed 143948K, reserved 1173504K
  class space    used 17458K, capacity 18657K, committed 19316K, reserved 1048576K
Event: 18955.554 GC heap after
Heap after GC invocations=39 (full 5):
 PSYoungGen      total 616448K, used 5056K [0x00000000d5580000, 0x00000000ff880000, 0x0000000100000000)
  eden space 543744K, 0% used [0x00000000d5580000,0x00000000d5580000,0x00000000f6880000)
  from space 72704K, 6% used [0x00000000fb180000,0x00000000fb670198,0x00000000ff880000)
  to   space 73728K, 0% used [0x00000000f6880000,0x00000000f6880000,0x00000000fb080000)
 ParOldGen       total 164352K, used 148028K [0x0000000080000000, 0x000000008a080000, 0x00000000d5580000)
  object space 164352K, 90% used [0x0000000080000000,0x000000008908f070,0x000000008a080000)
 Metaspace       used 135277K, capacity 141130K, committed 143948K, reserved 1173504K
  class space    used 17458K, capacity 18657K, committed 19316K, reserved 1048576K
}
Event: 18955.554 GC heap before
{Heap before GC invocations=40 (full 6):
 PSYoungGen      total 616448K, used 5056K [0x00000000d5580000, 0x00000000ff880000, 0x0000000100000000)
  eden space 543744K, 0% used [0x00000000d5580000,0x00000000d5580000,0x00000000f6880000)
  from space 72704K, 6% used [0x00000000fb180000,0x00000000fb670198,0x00000000ff880000)
  to   space 73728K, 0% used [0x00000000f6880000,0x00000000f6880000,0x00000000fb080000)
 ParOldGen       total 164352K, used 148028K [0x0000000080000000, 0x000000008a080000, 0x00000000d5580000)
  object space 164352K, 90% used [0x0000000080000000,0x000000008908f070,0x000000008a080000)
 Metaspace       used 135277K, capacity 141130K, committed 143948K, reserved 1173504K
  class space    used 17458K, capacity 18657K, committed 19316K, reserved 1048576K
Event: 18959.327 GC heap after
Heap after GC invocations=40 (full 6):
 PSYoungGen      total 616448K, used 0K [0x00000000d5580000, 0x00000000ff880000, 0x0000000100000000)
  eden space 543744K, 0% used [0x00000000d5580000,0x00000000d5580000,0x00000000f6880000)
  from space 72704K, 0% used [0x00000000fb180000,0x00000000fb180000,0x00000000ff880000)
  to   space 73728K, 0% used [0x00000000f6880000,0x00000000f6880000,0x00000000fb080000)
 ParOldGen       total 253440K, used 89817K [0x0000000080000000, 0x000000008f780000, 0x00000000d5580000)
  object space 253440K, 35% used [0x0000000080000000,0x00000000857b6668,0x000000008f780000)
 Metaspace       used 135266K, capacity 141112K, committed 143948K, reserved 1173504K
  class space    used 17456K, capacity 18654K, committed 19316K, reserved 1048576K
}
Event: 18966.336 GC heap before
{Heap before GC invocations=41 (full 6):
 PSYoungGen      total 616448K, used 543744K [0x00000000d5580000, 0x00000000ff880000, 0x0000000100000000)
  eden space 543744K, 100% used [0x00000000d5580000,0x00000000f6880000,0x00000000f6880000)
  from space 72704K, 0% used [0x00000000fb180000,0x00000000fb180000,0x00000000ff880000)
  to   space 73728K, 0% used [0x00000000f6880000,0x00000000f6880000,0x00000000fb080000)
 ParOldGen       total 253440K, used 89817K [0x0000000080000000, 0x000000008f780000, 0x00000000d5580000)
  object space 253440K, 35% used [0x0000000080000000,0x00000000857b6668,0x000000008f780000)
 Metaspace       used 135304K, capacity 141154K, committed 143948K, reserved 1173504K
  class space    used 17462K, capacity 18661K, committed 19316K, reserved 1048576K
Event: 18966.487 GC heap after
Heap after GC invocations=41 (full 6):
 PSYoungGen      total 617472K, used 6650K [0x00000000d5580000, 0x00000000ffd00000, 0x0000000100000000)
  eden space 543744K, 0% used [0x00000000d5580000,0x00000000d5580000,0x00000000f6880000)
  from space 73728K, 9% used [0x00000000f6880000,0x00000000f6efeb58,0x00000000fb080000)
  to   space 71680K, 0% used [0x00000000fb700000,0x00000000fb700000,0x00000000ffd00000)
 ParOldGen       total 253440K, used 89825K [0x0000000080000000, 0x000000008f780000, 0x00000000d5580000)
  object space 253440K, 35% used [0x0000000080000000,0x00000000857b8668,0x000000008f780000)
 Metaspace       used 135304K, capacity 141154K, committed 143948K, reserved 1173504K
  class space    used 17462K, capacity 18661K, committed 19316K, reserved 1048576K
}
Event: 18974.912 GC heap before
{Heap before GC invocations=42 (full 6):
 PSYoungGen      total 617472K, used 550394K [0x00000000d5580000, 0x00000000ffd00000, 0x0000000100000000)
  eden space 543744K, 100% used [0x00000000d5580000,0x00000000f6880000,0x00000000f6880000)
  from space 73728K, 9% used [0x00000000f6880000,0x00000000f6efeb58,0x00000000fb080000)
  to   space 71680K, 0% used [0x00000000fb700000,0x00000000fb700000,0x00000000ffd00000)
 ParOldGen       total 253440K, used 89825K [0x0000000080000000, 0x000000008f780000, 0x00000000d5580000)
  object space 253440K, 35% used [0x0000000080000000,0x00000000857b8668,0x000000008f780000)
 Metaspace       used 136116K, capacity 142148K, committed 144460K, reserved 1175552K
  class space    used 17558K, capacity 18786K, committed 19316K, reserved 1048576K
Event: 18975.162 GC heap after
Heap after GC invocations=42 (full 6):
 PSYoungGen      total 611840K, used 56048K [0x00000000d5580000, 0x0000000100000000, 0x0000000100000000)
  eden space 540160K, 0% used [0x00000000d5580000,0x00000000d5580000,0x00000000f6500000)
  from space 71680K, 78% used [0x00000000fb700000,0x00000000fedbc2d8,0x00000000ffd00000)
  to   space 79360K, 0% used [0x00000000f6500000,0x00000000f6500000,0x00000000fb280000)
 ParOldGen       total 253440K, used 89833K [0x0000000080000000, 0x000000008f780000, 0x00000000d5580000)
  object space 253440K, 35% used [0x0000000080000000,0x00000000857ba668,0x000000008f780000)
 Metaspace       used 136116K, capacity 142148K, committed 144460K, reserved 1175552K
  class space    used 17558K, capacity 18786K, committed 19316K, reserved 1048576K
}

Deoptimization events (10 events):
Event: 18973.868 Thread 0x000000002f018000 Uncommon trap: reason=unstable_if action=reinterpret pc=0x00000000059e14d8 method=com.sun.org.apache.xerces.internal.impl.XMLDocumentScannerImpl.setFeature(Ljava/lang/String;Z)V @ 56
Event: 18973.868 Thread 0x000000002f012800 Uncommon trap: reason=unstable_if action=reinterpret pc=0x00000000059e14d8 method=com.sun.org.apache.xerces.internal.impl.XMLDocumentScannerImpl.setFeature(Ljava/lang/String;Z)V @ 56
Event: 18973.868 Thread 0x000000002f01a000 Uncommon trap: reason=unstable_if action=reinterpret pc=0x00000000059e14d8 method=com.sun.org.apache.xerces.internal.impl.XMLDocumentScannerImpl.setFeature(Ljava/lang/String;Z)V @ 56
Event: 18973.872 Thread 0x000000002f012000 Uncommon trap: reason=class_check action=maybe_recompile pc=0x00000000059fdd40 method=com.sun.org.apache.xerces.internal.impl.XMLEntityManager.setProperty(Ljava/lang/String;Ljava/lang/Object;)V @ 102
Event: 18973.872 Thread 0x000000002f015800 Uncommon trap: reason=class_check action=maybe_recompile pc=0x00000000059fdd40 method=com.sun.org.apache.xerces.internal.impl.XMLEntityManager.setProperty(Ljava/lang/String;Ljava/lang/Object;)V @ 102
Event: 18973.872 Thread 0x000000002f018000 Uncommon trap: reason=class_check action=maybe_recompile pc=0x00000000059fdd40 method=com.sun.org.apache.xerces.internal.impl.XMLEntityManager.setProperty(Ljava/lang/String;Ljava/lang/Object;)V @ 102
Event: 18973.872 Thread 0x000000002f012800 Uncommon trap: reason=class_check action=maybe_recompile pc=0x00000000059fdd40 method=com.sun.org.apache.xerces.internal.impl.XMLEntityManager.setProperty(Ljava/lang/String;Ljava/lang/Object;)V @ 102
Event: 18973.872 Thread 0x000000002f015000 Uncommon trap: reason=class_check action=maybe_recompile pc=0x00000000059fdd40 method=com.sun.org.apache.xerces.internal.impl.XMLEntityManager.setProperty(Ljava/lang/String;Ljava/lang/Object;)V @ 102
Event: 18973.872 Thread 0x000000002f019800 Uncommon trap: reason=class_check action=maybe_recompile pc=0x00000000059fdd40 method=com.sun.org.apache.xerces.internal.impl.XMLEntityManager.setProperty(Ljava/lang/String;Ljava/lang/Object;)V @ 102
Event: 18973.872 Thread 0x000000002f01a000 Uncommon trap: reason=class_check action=maybe_recompile pc=0x00000000059fdd40 method=com.sun.org.apache.xerces.internal.impl.XMLEntityManager.setProperty(Ljava/lang/String;Ljava/lang/Object;)V @ 102

Classes redefined (0 events):
No events

Internal exceptions (10 events):
Event: 18972.629 Thread 0x000000001f0c6800 Implicit null exception at 0x00000000035ffdef to 0x00000000035ffee1
Event: 18973.450 Thread 0x000000002d167000 Implicit null exception at 0x0000000006f23fb0 to 0x0000000006f253a5
Event: 18973.451 Thread 0x000000002d167000 Implicit null exception at 0x0000000006f4cfb0 to 0x0000000006f4e3a5
Event: 18973.451 Thread 0x000000002d167000 Implicit null exception at 0x0000000006f507d8 to 0x0000000006f51631
Event: 18973.779 Thread 0x000000002d15c800 Exception <a 'java/lang/NoSuchMethodError': <clinit>> (0x00000000f37d20c8) thrown at [C:\src\AOSP-openjdk-git\hotspot\src\share\vm\prims\jni.cpp, line 1615]
Event: 18973.784 Thread 0x000000002d15c800 Exception <a 'java/lang/NoSuchMethodError': <clinit>> (0x00000000f38013e0) thrown at [C:\src\AOSP-openjdk-git\hotspot\src\share\vm\prims\jni.cpp, line 1615]
Event: 18973.785 Thread 0x000000002d15c800 Exception <a 'java/lang/NoSuchMethodError': <clinit>> (0x00000000f3802d58) thrown at [C:\src\AOSP-openjdk-git\hotspot\src\share\vm\prims\jni.cpp, line 1615]
Event: 18973.785 Thread 0x000000002d15c800 Exception <a 'java/lang/NoSuchMethodError': <clinit>> (0x00000000f3808e90) thrown at [C:\src\AOSP-openjdk-git\hotspot\src\share\vm\prims\jni.cpp, line 1615]
Event: 18973.788 Thread 0x000000002d15c800 Exception <a 'java/lang/NoSuchMethodError': <clinit>> (0x00000000f381dc28) thrown at [C:\src\AOSP-openjdk-git\hotspot\src\share\vm\prims\jni.cpp, line 1615]
Event: 18973.788 Thread 0x000000002d15c800 Exception <a 'java/lang/NoSuchMethodError': <clinit>> (0x00000000f381ef48) thrown at [C:\src\AOSP-openjdk-git\hotspot\src\share\vm\prims\jni.cpp, line 1615]

Events (10 events):
Event: 18975.368 Thread 0x000000001f0c2800 DEOPT PACKING pc=0x00000000071a49be sp=0x00000000230aea80
Event: 18975.368 Thread 0x000000001f0c2800 DEOPT UNPACKING pc=0x00000000028575d0 sp=0x00000000230ae7f0 mode 0
Event: 18975.427 Thread 0x000000001f0c2800 DEOPT PACKING pc=0x00000000071a49be sp=0x00000000230aea80
Event: 18975.427 Thread 0x000000001f0c2800 DEOPT UNPACKING pc=0x00000000028575d0 sp=0x00000000230ae7f0 mode 0
Event: 18975.492 Thread 0x000000001f0c2800 DEOPT PACKING pc=0x00000000071a49be sp=0x00000000230aea80
Event: 18975.492 Thread 0x000000001f0c2800 DEOPT UNPACKING pc=0x00000000028575d0 sp=0x00000000230ae7f0 mode 0
Event: 18975.526 Thread 0x000000001f0c2800 DEOPT PACKING pc=0x00000000071a49be sp=0x00000000230aea80
Event: 18975.526 Thread 0x000000001f0c2800 DEOPT UNPACKING pc=0x00000000028575d0 sp=0x00000000230ae7f0 mode 0
Event: 18975.558 Thread 0x000000001f0c2800 DEOPT PACKING pc=0x00000000071a49be sp=0x00000000230aea80
Event: 18975.558 Thread 0x000000001f0c2800 DEOPT UNPACKING pc=0x00000000028575d0 sp=0x00000000230ae7f0 mode 0


Dynamic libraries:
0x00007ff6ab390000 - 0x00007ff6ab3c1000 	C:\Program Files\Android\Android Studio\jre\bin\java.exe
0x00007fff048d0000 - 0x00007fff04ac5000 	C:\windows\SYSTEM32\ntdll.dll
0x00007fff04570000 - 0x00007fff0462e000 	C:\windows\System32\KERNEL32.DLL
0x00007fff02260000 - 0x00007fff02529000 	C:\windows\System32\KERNELBASE.dll
0x00007fff03fb0000 - 0x00007fff0405c000 	C:\windows\System32\ADVAPI32.dll
0x00007fff03060000 - 0x00007fff030fe000 	C:\windows\System32\msvcrt.dll
0x00007fff04060000 - 0x00007fff040fb000 	C:\windows\System32\sechost.dll
0x00007fff03860000 - 0x00007fff0398a000 	C:\windows\System32\RPCRT4.dll
0x00007fff046e0000 - 0x00007fff04881000 	C:\windows\System32\USER32.dll
0x00007fff02530000 - 0x00007fff02552000 	C:\windows\System32\win32u.dll
0x00007fff03160000 - 0x00007fff0318b000 	C:\windows\System32\GDI32.dll
0x00007fff01ff0000 - 0x00007fff020fb000 	C:\windows\System32\gdi32full.dll
0x00007fff02880000 - 0x00007fff0291d000 	C:\windows\System32\msvcp_win.dll
0x00007fff02160000 - 0x00007fff02260000 	C:\windows\System32\ucrtbase.dll
0x00007ffee29f0000 - 0x00007ffee2c8a000 	C:\windows\WinSxS\amd64_microsoft.windows.common-controls_6595b64144ccf1df_6.0.19041.1110_none_60b5254171f9507e\COMCTL32.dll
0x00007fff03670000 - 0x00007fff036a0000 	C:\windows\System32\IMM32.DLL
0x00007ffee2560000 - 0x00007ffee2688000 	C:\Program Files (x86)\Citrix\ICA Client\epclient64.dll
0x00007ffef6640000 - 0x00007ffef664a000 	C:\windows\SYSTEM32\VERSION.dll
0x00007fff00ce0000 - 0x00007fff00d13000 	C:\windows\SYSTEM32\ntmarta.dll
0x0000000062870000 - 0x0000000062942000 	C:\Program Files\Android\Android Studio\jre\jre\bin\msvcr100.dll
0x0000000063380000 - 0x0000000063bcb000 	C:\Program Files\Android\Android Studio\jre\jre\bin\server\jvm.dll
0x00007fff03780000 - 0x00007fff03788000 	C:\windows\System32\PSAPI.DLL
0x00007ffef6c50000 - 0x00007ffef6c59000 	C:\windows\SYSTEM32\WSOCK32.dll
0x00007fff03990000 - 0x00007fff039fb000 	C:\windows\System32\WS2_32.dll
0x00007ffee17c0000 - 0x00007ffee17e7000 	C:\windows\SYSTEM32\WINMM.dll
0x00007ffef69d0000 - 0x00007ffef69df000 	C:\Program Files\Android\Android Studio\jre\jre\bin\verify.dll
0x00007ffee1a50000 - 0x00007ffee1a79000 	C:\Program Files\Android\Android Studio\jre\jre\bin\java.dll
0x00007ffee9ac0000 - 0x00007ffee9ad6000 	C:\Program Files\Android\Android Studio\jre\jre\bin\zip.dll
0x00007fff02920000 - 0x00007fff0305f000 	C:\windows\System32\SHELL32.dll
0x00007fff000d0000 - 0x00007fff00860000 	C:\windows\SYSTEM32\windows.storage.dll
0x00007fff032b0000 - 0x00007fff03605000 	C:\windows\System32\combase.dll
0x00007fff01a40000 - 0x00007fff01a6c000 	C:\windows\SYSTEM32\Wldp.dll
0x00007fff03790000 - 0x00007fff0383e000 	C:\windows\System32\SHCORE.dll
0x00007fff03610000 - 0x00007fff03665000 	C:\windows\System32\shlwapi.dll
0x00007fff01f30000 - 0x00007fff01f4f000 	C:\windows\SYSTEM32\profapi.dll
0x00007ffee67c0000 - 0x00007ffee67da000 	C:\Program Files\Android\Android Studio\jre\jre\bin\net.dll
0x00007fff01730000 - 0x00007fff0179a000 	C:\windows\system32\mswsock.dll
0x00007ffee4e50000 - 0x00007ffee4e63000 	C:\Program Files\Android\Android Studio\jre\jre\bin\nio.dll
0x00007ffede810000 - 0x00007ffede837000 	C:\Users\user\.gradle\native\f6784746aeab05261644944871eae4fe03e0ef1612fff0a4a95f87b438bc6780\windows-amd64\native-platform.dll
0x00007ffef69c0000 - 0x00007ffef69cd000 	C:\Program Files\Android\Android Studio\jre\jre\bin\management.dll
0x00007fff01930000 - 0x00007fff01948000 	C:\windows\SYSTEM32\CRYPTSP.dll
0x00007fff01050000 - 0x00007fff01084000 	C:\windows\system32\rsaenh.dll
0x00007fff02800000 - 0x00007fff02827000 	C:\windows\System32\bcrypt.dll
0x00007fff01eb0000 - 0x00007fff01ede000 	C:\windows\SYSTEM32\USERENV.dll
0x00007fff026c0000 - 0x00007fff02743000 	C:\windows\System32\bcryptprimitives.dll
0x00007fff01920000 - 0x00007fff0192c000 	C:\windows\SYSTEM32\CRYPTBASE.dll
0x00007fff01420000 - 0x00007fff0145b000 	C:\windows\SYSTEM32\IPHLPAPI.DLL
0x00007fff03850000 - 0x00007fff03858000 	C:\windows\System32\NSI.dll
0x00007ffef4cb0000 - 0x00007ffef4cc7000 	C:\windows\SYSTEM32\dhcpcsvc6.DLL
0x00007ffef6650000 - 0x00007ffef666d000 	C:\windows\SYSTEM32\dhcpcsvc.DLL
0x00007fff01460000 - 0x00007fff0152c000 	C:\windows\SYSTEM32\DNSAPI.dll
0x00007ffefc200000 - 0x00007ffefc20b000 	C:\windows\SYSTEM32\WINNSI.DLL
0x00007ffedfa70000 - 0x00007ffedfa94000 	C:\Program Files\Android\Android Studio\jre\jre\bin\sunec.dll
0x00007ffef6560000 - 0x00007ffef656a000 	C:\Windows\System32\rasadhlp.dll
0x00007ffef3620000 - 0x00007ffef369f000 	C:\windows\System32\fwpuclnt.dll
0x00007ffef6990000 - 0x00007ffef699b000 	C:\Program Files\Android\Android Studio\jre\jre\bin\sunmscapi.dll
0x0000000026c80000 - 0x0000000026dd6000 	C:\windows\System32\CRYPT32.dll
0x00007ffefe590000 - 0x00007ffefe620000 	C:\windows\system32\apphelp.dll

VM Arguments:
jvm_args: -Xmx2048m -Dfile.encoding=UTF-8 -Duser.country=IN -Duser.language=en -Duser.variant 
java_command: org.gradle.launcher.daemon.bootstrap.GradleDaemon 6.5
java_class_path (initial): C:\Users\user\.gradle\wrapper\dists\gradle-6.5-bin\6nifqtx7604sqp1q6g8wikw7p\gradle-6.5\lib\gradle-launcher-6.5.jar
Launcher Type: SUN_STANDARD

Environment Variables:
PATH=C:\Program Files\Common Files\Oracle\Java\javapath;C:\Program Files (x86)\Common Files\Oracle\Java\javapath;C:\windows\system32;C:\windows;C:\windows\System32\Wbem;C:\windows\System32\WindowsPowerShell\v1.0\;C:\windows\System32\OpenSSH\;C:\Program Files\Git\cmd;C:\Cadence\SPB_16.5\OpenAccess\bin\win32\opt;C:\Cadence\SPB_16.5\tools\Capture;C:\Cadence\SPB_16.5\tools\PSpice\Library;C:\Cadence\SPB_16.5\tools\PSpice;C:\Cadence\SPB_16.5\tools\specctra\bin;C:\Cadence\SPB_16.5\tools\fet\bin;C:\Cadence\SPB_16.5\tools\libutil\bin;C:\Cadence\SPB_16.5\tools\bin;C:\Cadence\SPB_16.5\tools\pcb\bin;C:\Users\user\AppData\Local\Programs\Python\Python39\Scripts\;C:\Users\user\AppData\Local\Programs\Python\Python39\;C:\Users\user\AppData\Local\Microsoft\WindowsApps;C:\Program Files\Java\jdk-15.0.1\bin
USERNAME=user
OS=Windows_NT
PROCESSOR_IDENTIFIER=Intel64 Family 6 Model 140 Stepping 1, GenuineIntel



---------------  S Y S T E M  ---------------

OS: Windows 10.0 , 64 bit Build 19041 (10.0.19041.1202)

CPU:total 8 (initial active 8) (4 cores per cpu, 2 threads per core) family 6 model 140 stepping 1, cmov, cx8, fxsr, mmx, sse, sse2, sse3, ssse3, sse4.1, sse4.2, popcnt, avx, avx2, aes, clmul, erms, 3dnowpref, lzcnt, ht, tsc, tscinvbit, bmi1, bmi2, adx

Memory: 4k page, physical 8022584k(226316k free), swap 32139832k(5512k free)

vm_info: OpenJDK 64-Bit Server VM (25.242-b01) for windows-amd64 JRE (1.8.0_242-release-1644-b01), built by "builder" with MS VC++ 10.0 (VS2010)

time: Fri Nov 05 15:07:25 2021
timezone: India Standard Time
elapsed time: 18975 seconds (0d 5h 16m 15s)

